<?xml version="1.0" encoding="UTF-8"?>
<!-- Generated by org.testng.reporters.JUnitReportReporter -->
<testsuite skipped="0" hostname="DESKTOP-N60QB27" name="tests.TC2" tests="3" failures="0" timestamp="2022-10-13T22:18:26 IST" time="41.011" errors="0">
  <testcase name="t1" time="12.247" classname="tests.TC2"/>
  <system-out/>
  <testcase name="t3" time="14.261" classname="tests.TC2"/>
  <system-out/>
  <testcase name="t2" time="14.503" classname="tests.TC2"/>
  <system-out/>
</testsuite> <!-- tests.TC2 -->
