<?xml version="1.0" encoding="UTF-8"?>
<!-- Generated by org.testng.reporters.JUnitReportReporter -->
<testsuite skipped="0" hostname="DESKTOP-N60QB27" name="tests.LoginTest" tests="2" failures="0" timestamp="2022-10-13T23:33:54 IST" time="13.194" errors="0">
  <testcase name="login" time="9.352" classname="tests.LoginTest"/>
  <system-out/>
  <testcase name="titleTest" time="3.842" classname="tests.LoginTest"/>
  <system-out/>
</testsuite> <!-- tests.LoginTest -->
