<?xml version="1.0" encoding="UTF-8"?>
<!-- Generated by org.testng.reporters.JUnitReportReporter -->
<testsuite skipped="0" hostname="DESKTOP-N60QB27" name="tests.TC1" tests="3" failures="0" timestamp="2022-10-13T22:18:26 IST" time="43.300" errors="0">
  <testcase name="t1" time="14.402" classname="tests.TC1"/>
  <system-out/>
  <testcase name="t2" time="14.296" classname="tests.TC1"/>
  <system-out/>
  <testcase name="t3" time="14.602" classname="tests.TC1"/>
  <system-out/>
</testsuite> <!-- tests.TC1 -->
